<?xml version="1.0" encoding="UTF-8"?>
<!-- Generated by org.testng.reporters.JUnitXMLReporter -->
<testsuite hostname="LP-5CD8220QH1" ignored="10" name="Test" tests="4" failures="0" timestamp="2021-08-01T12:25:11 IST" time="0.123" errors="0">
  <testcase name="diff" time="0.024" classname="Demo.Nitish.launchbrowser"/>
  <testcase name="launchDriver" time="0.003" classname="Demo.Nitish.launchbrowser"/>
  <testcase name="diff" time="0.003" classname="Demo.Nitish.secondbrowser"/>
  <testcase name="sum" time="0.003" classname="Demo.Nitish.secondbrowser"/>
  <testcase name="beforet" time="0.0" classname="Demo.Nitish.launchbrowser">
    <ignored/>
  </testcase> <!-- beforet -->
  <testcase name="afterm" time="0.0" classname="Demo.Nitish.launchbrowser">
    <ignored/>
  </testcase> <!-- afterm -->
  <testcase name="aftert" time="0.0" classname="Demo.Nitish.launchbrowser">
    <ignored/>
  </testcase> <!-- aftert -->
  <testcase name="beforeC" time="0.0" classname="Demo.Nitish.launchbrowser">
    <ignored/>
  </testcase> <!-- beforeC -->
  <testcase name="beforeS" time="0.0" classname="Demo.Nitish.launchbrowser">
    <ignored/>
  </testcase> <!-- beforeS -->
  <testcase name="afterS" time="0.0" classname="Demo.Nitish.launchbrowser">
    <ignored/>
  </testcase> <!-- afterS -->
  <testcase name="afterC" time="0.0" classname="Demo.Nitish.launchbrowser">
    <ignored/>
  </testcase> <!-- afterC -->
  <testcase name="beforem" time="0.0" classname="Demo.Nitish.launchbrowser">
    <ignored/>
  </testcase> <!-- beforem -->
  <testcase name="test_m" time="0.0" classname="Demo.Nitish.sequence">
    <ignored/>
  </testcase> <!-- test_m -->
  <testcase name="secondRun" time="0.0" classname="Demo.Nitish.secondbrowser">
    <ignored/>
  </testcase> <!-- secondRun -->
</testsuite> <!-- Test -->
