<?xml version="1.0" encoding="UTF-8"?>
<!-- Generated by org.testng.reporters.JUnitXMLReporter -->
<testsuite hostname="LP-5CD8220QH1" ignored="1" name="Default test" tests="3" failures="0" timestamp="2021-08-01T12:19:00 IST" time="0.097" errors="0">
  <testcase name="run" time="0.021" classname="DemoNitish2.SecondSuiteFirstTest"/>
  <testcase name="abc" time="0.002" classname="DemoNitish2.SecondSuiteFirstTest"/>
  <testcase name="abcd" time="0.006" classname="DemoNitish2.SecondSuiteFirstTest"/>
  <testcase name="a" time="0.0" classname="DemoNitish2.SecondSuiteFirstTest">
    <ignored/>
  </testcase> <!-- a -->
</testsuite> <!-- Default test -->
